# JRE version: Java(TM) SE Runtime Environment (8.0_181-b13) (build 1.8.0_181-b13)
# Java VM: Java HotSpot(TM) 64-Bit Server VM (25.181-b13 mixed mode linux-amd64 compressed oops)
Heap:
 PSYoungGen      total 6136320K, used 5889531K [0x0000000615580000, 0x00000007c0000000, 0x00000007c0000000)
  eden space 5644800K, 100% used [0x0000000615580000,0x000000076de00000,0x000000076de00000)
  from space 491520K, 49% used [0x00000007a2000000,0x00000007b0efec00,0x00000007c0000000)
  to   space 672768K, 49% used [0x000000076de00000,0x000000078219aff8,0x0000000796f00000)
 ParOldGen       total 6724608K, used 3725155K [0x00000002c0000000, 0x000000045a700000, 0x0000000615580000)
  object space 6724608K, 55% used [0x00000002c0000000,0x00000003a35d8f68,0x000000045a700000)
 Metaspace       used 124929K, capacity 142710K, committed 152064K, reserved 1179648K
  class space    used 17407K, capacity 19293K, committed 21248K, reserved 1048576K
GC Heap History (10 events):
Event: 74.632 GC heap after
Heap after GC invocations=77 (full 4):
 PSYoungGen      total 6681088K, used 127760K [0x0000000615580000, 0x00000007bfc00000, 0x00000007c0000000)
  eden space 6382592K, 0% used [0x0000000615580000,0x0000000615580000,0x000000079ae80000)
  from space 298496K, 42% used [0x000000079ae80000,0x00000007a2b44248,0x00000007ad200000)
  to   space 294400K, 0% used [0x00000007adc80000,0x00000007adc80000,0x00000007bfc00000)
 ParOldGen       total 3284480K, used 2741049K [0x00000002c0000000, 0x0000000388780000, 0x0000000615580000)
  object space 3284480K, 83% used [0x00000002c0000000,0x00000003674ce6b0,0x0000000388780000)
 Metaspace       used 115466K, capacity 129830K, committed 130048K, reserved 1161216K
  class space    used 16237K, capacity 17584K, committed 17664K, reserved 1048576K
}
Event: 77.541 GC heap before
{Heap before GC invocations=78 (full 4):
 PSYoungGen      total 6681088K, used 6510352K [0x0000000615580000, 0x00000007bfc00000, 0x00000007c0000000)
  eden space 6382592K, 100% used [0x0000000615580000,0x000000079ae80000,0x000000079ae80000)
  from space 298496K, 42% used [0x000000079ae80000,0x00000007a2b44248,0x00000007ad200000)
  to   space 294400K, 0% used [0x00000007adc80000,0x00000007adc80000,0x00000007bfc00000)
 ParOldGen       total 3284480K, used 2741049K [0x00000002c0000000, 0x0000000388780000, 0x0000000615580000)
  object space 3284480K, 83% used [0x00000002c0000000,0x00000003674ce6b0,0x0000000388780000)
 Metaspace       used 126012K, capacity 149930K, committed 150144K, reserved 1177600K
  class space    used 18533K, capacity 21104K, committed 21120K, reserved 1048576K
Event: 77.658 GC heap after
Heap after GC invocations=78 (full 4):
 PSYoungGen      total 6301696K, used 294397K [0x0000000615580000, 0x00000007c0000000, 0x00000007c0000000)
  eden space 6007296K, 0% used [0x0000000615580000,0x0000000615580000,0x0000000784000000)
  from space 294400K, 99% used [0x00000007adc80000,0x00000007bfbff788,0x00000007bfc00000)
  to   space 491520K, 0% used [0x0000000784000000,0x0000000784000000,0x00000007a2000000)
 ParOldGen       total 3284480K, used 3183688K [0x00000002c0000000, 0x0000000388780000, 0x0000000615580000)
  object space 3284480K, 96% used [0x00000002c0000000,0x0000000382512340,0x0000000388780000)
 Metaspace       used 126012K, capacity 149930K, committed 150144K, reserved 1177600K
  class space    used 18533K, capacity 21104K, committed 21120K, reserved 1048576K
}
Event: 77.658 GC heap before
{Heap before GC invocations=79 (full 5):
 PSYoungGen      total 6301696K, used 294397K [0x0000000615580000, 0x00000007c0000000, 0x00000007c0000000)
  eden space 6007296K, 0% used [0x0000000615580000,0x0000000615580000,0x0000000784000000)
  from space 294400K, 99% used [0x00000007adc80000,0x00000007bfbff788,0x00000007bfc00000)
  to   space 491520K, 0% used [0x0000000784000000,0x0000000784000000,0x00000007a2000000)
 ParOldGen       total 3284480K, used 3183688K [0x00000002c0000000, 0x0000000388780000, 0x0000000615580000)
  object space 3284480K, 96% used [0x00000002c0000000,0x0000000382512340,0x0000000388780000)
 Metaspace       used 126012K, capacity 149930K, committed 150144K, reserved 1177600K
  class space    used 18533K, capacity 21104K, committed 21120K, reserved 1048576K
Event: 78.825 GC heap after
Heap after GC invocations=79 (full 5):
 PSYoungGen      total 6301696K, used 0K [0x0000000615580000, 0x00000007c0000000, 0x00000007c0000000)
  eden space 6007296K, 0% used [0x0000000615580000,0x0000000615580000,0x0000000784000000)
  from space 294400K, 0% used [0x00000007adc80000,0x00000007adc80000,0x00000007bfc00000)
  to   space 491520K, 0% used [0x0000000784000000,0x0000000784000000,0x00000007a2000000)
 ParOldGen       total 6724608K, used 2791514K [0x00000002c0000000, 0x000000045a700000, 0x0000000615580000)
  object space 6724608K, 41% used [0x00000002c0000000,0x000000036a616938,0x000000045a700000)
 Metaspace       used 120007K, capacity 136052K, committed 150144K, reserved 1177600K
  class space    used 16831K, capacity 18400K, committed 21120K, reserved 1048576K
}
Event: 84.134 GC heap before
{Heap before GC invocations=80 (full 5):
 PSYoungGen      total 6301696K, used 6007296K [0x0000000615580000, 0x00000007c0000000, 0x00000007c0000000)
  eden space 6007296K, 100% used [0x0000000615580000,0x0000000784000000,0x0000000784000000)
  from space 294400K, 0% used [0x00000007adc80000,0x00000007adc80000,0x00000007bfc00000)
  to   space 491520K, 0% used [0x0000000784000000,0x0000000784000000,0x00000007a2000000)
 ParOldGen       total 6724608K, used 2791514K [0x00000002c0000000, 0x000000045a700000, 0x0000000615580000)
  object space 6724608K, 41% used [0x00000002c0000000,0x000000036a616938,0x000000045a700000)
 Metaspace       used 124664K, capacity 142290K, committed 151808K, reserved 1179648K
  class space    used 17371K, capacity 19250K, committed 21248K, reserved 1048576K
Event: 84.293 GC heap after
Heap after GC invocations=80 (full 5):
 PSYoungGen      total 6498816K, used 491502K [0x0000000615580000, 0x00000007c0000000, 0x00000007c0000000)
  eden space 6007296K, 0% used [0x0000000615580000,0x0000000615580000,0x0000000784000000)
  from space 491520K, 99% used [0x0000000784000000,0x00000007a1ffbaf8,0x00000007a2000000)
  to   space 491520K, 0% used [0x00000007a2000000,0x00000007a2000000,0x00000007c0000000)
 ParOldGen       total 6724608K, used 3177757K [0x00000002c0000000, 0x000000045a700000, 0x0000000615580000)
  object space 6724608K, 47% used [0x00000002c0000000,0x0000000381f47668,0x000000045a700000)
 Metaspace       used 124664K, capacity 142290K, committed 151808K, reserved 1179648K
  class space    used 17371K, capacity 19250K, committed 21248K, reserved 1048576K
}
Event: 86.452 GC heap before
{Heap before GC invocations=81 (full 5):
 PSYoungGen      total 6498816K, used 6498798K [0x0000000615580000, 0x00000007c0000000, 0x00000007c0000000)
  eden space 6007296K, 100% used [0x0000000615580000,0x0000000784000000,0x0000000784000000)
  from space 491520K, 99% used [0x0000000784000000,0x00000007a1ffbaf8,0x00000007a2000000)
  to   space 491520K, 0% used [0x00000007a2000000,0x00000007a2000000,0x00000007c0000000)
 ParOldGen       total 6724608K, used 3177757K [0x00000002c0000000, 0x000000045a700000, 0x0000000615580000)
  object space 6724608K, 47% used [0x00000002c0000000,0x0000000381f47668,0x000000045a700000)
 Metaspace       used 124890K, capacity 142592K, committed 151808K, reserved 1179648K
  class space    used 17400K, capacity 19284K, committed 21248K, reserved 1048576K
Event: 86.594 GC heap after
Heap after GC invocations=81 (full 5):
 PSYoungGen      total 6136320K, used 244731K [0x0000000615580000, 0x00000007c0000000, 0x00000007c0000000)
  eden space 5644800K, 0% used [0x0000000615580000,0x0000000615580000,0x000000076de00000)
  from space 491520K, 49% used [0x00000007a2000000,0x00000007b0efec00,0x00000007c0000000)
  to   space 672768K, 0% used [0x000000076de00000,0x000000076de00000,0x0000000796f00000)
 ParOldGen       total 6724608K, used 3647423K [0x00000002c0000000, 0x000000045a700000, 0x0000000615580000)
  object space 6724608K, 54% used [0x00000002c0000000,0x000000039e9efcf8,0x000000045a700000)
 Metaspace       used 124890K, capacity 142592K, committed 151808K, reserved 1179648K
  class space    used 17400K, capacity 19284K, committed 21248K, reserved 1048576K
}
Event: 87.599 GC heap before
{Heap before GC invocations=82 (full 5):
 PSYoungGen      total 6136320K, used 5889531K [0x0000000615580000, 0x00000007c0000000, 0x00000007c0000000)
  eden space 5644800K, 100% used [0x0000000615580000,0x000000076de00000,0x000000076de00000)
  from space 491520K, 49% used [0x00000007a2000000,0x00000007b0efec00,0x00000007c0000000)
  to   space 672768K, 0% used [0x000000076de00000,0x000000076de00000,0x0000000796f00000)
 ParOldGen       total 6724608K, used 3647423K [0x00000002c0000000, 0x000000045a700000, 0x0000000615580000)
  object space 6724608K, 54% used [0x00000002c0000000,0x000000039e9efcf8,0x000000045a700000)
 Metaspace       used 124929K, capacity 142710K, committed 152064K, reserved 1179648K
  class space    used 17407K, capacity 19293K, committed 21248K, reserved 1048576K

